<?xml version="1.0" encoding="UTF-8"?>
<!-- Generated by org.testng.reporters.JUnitXMLReporter -->
<testsuite hostname="7CW99R2" name="Package with subpackages" tests="1" failures="0" timestamp="4 Jul 2019 11:07:47 GMT" time="0.184" errors="0">
  <testcase name="@BeforeClass setUpClass" time="0.0" classname="com.digital.Cucumber.Runner.TestRunner">
    <failure type="cucumber.runtime.CucumberException" message="No backends were found. Please make sure you have a backend module on your CLASSPATH.">
      <![CDATA[cucumber.runtime.CucumberException: No backends were found. Please make sure you have a backend module on your CLASSPATH.
	at cucumber.runtime.Runtime.<init>(Runtime.java:80)
	at cucumber.runtime.Runtime.<init>(Runtime.java:69)
	at cucumber.runtime.Runtime.<init>(Runtime.java:65)
	at cucumber.api.testng.TestNGCucumberRunner.<init>(TestNGCucumberRunner.java:42)
	at cucumber.api.testng.AbstractTestNGCucumberTests.setUpClass(AbstractTestNGCucumberTests.java:16)
... Removed 24 stack frames]]>
    </failure>
  </testcase> <!-- @BeforeClass setUpClass -->
  <testcase name="@AfterClass tearDownClass" time="0.0" classname="com.digital.Cucumber.Runner.TestRunner">
    <skipped/>
  </testcase> <!-- @AfterClass tearDownClass -->
  <testcase name="feature" time="0.0" classname="com.digital.Cucumber.Runner.TestRunner">
    <skipped/>
  </testcase> <!-- feature -->
</testsuite> <!-- Package with subpackages -->
